<?xml version="1.0" encoding="UTF-8"?>
<coverage generated="1612971009545" clover="3.2.0">
  <project timestamp="1612971009545" name="All files">
    <metrics statements="20" coveredstatements="20" conditionals="6" coveredconditionals="6" methods="2" coveredmethods="2" elements="28" coveredelements="28" complexity="0" loc="20" ncloc="20" packages="1" files="1" classes="1"/>
    <file name="calculator.js" path="/Users/kevinvelasco/Desktop/programacion/HabisChangelle/calculator/calculator.js">
      <metrics statements="20" coveredstatements="20" conditionals="6" coveredconditionals="6" methods="2" coveredmethods="2"/>
      <line num="3" count="5" type="cond" truecount="2" falsecount="0"/>
      <line num="4" count="1" type="stmt"/>
      <line num="6" count="4" type="stmt"/>
      <line num="7" count="4" type="stmt"/>
      <line num="8" count="4" type="stmt"/>
      <line num="12" count="25" type="stmt"/>
      <line num="15" count="4" type="cond" truecount="2" falsecount="0"/>
      <line num="16" count="1" type="stmt"/>
      <line num="19" count="3" type="stmt"/>
      <line num="20" count="3" type="stmt"/>
      <line num="21" count="3" type="stmt"/>
      <line num="22" count="3" type="stmt"/>
      <line num="24" count="3" type="stmt"/>
      <line num="25" count="3" type="stmt"/>
      <line num="26" count="3" type="stmt"/>
      <line num="27" count="3" type="stmt"/>
      <line num="31" count="3" type="stmt"/>
      <line num="32" count="3" type="stmt"/>
      <line num="33" count="8" type="cond" truecount="2" falsecount="0"/>
      <line num="35" count="3" type="stmt"/>
    </file>
  </project>
</coverage>
