{"/Users/kevinvelasco/Desktop/programacion/HabisChangelle/calculator/calculator.js": {"path":"/Users/kevinvelasco/Desktop/programacion/HabisChangelle/calculator/calculator.js","statementMap":{"0":{"start":{"line":3,"column":2},"end":{"line":5,"column":3}},"1":{"start":{"line":4,"column":4},"end":{"line":4,"column":75}},"2":{"start":{"line":6,"column":18},"end":{"line":6,"column":40}},"3":{"start":{"line":7,"column":20},"end":{"line":7,"column":60}},"4":{"start":{"line":8,"column":19},"end":{"line":12,"column":21}},"5":{"start":{"line":12,"column":18},"end":{"line":12,"column":20}},"6":{"start":{"line":15,"column":2},"end":{"line":17,"column":3}},"7":{"start":{"line":16,"column":4},"end":{"line":16,"column":69}},"8":{"start":{"line":19,"column":2},"end":{"line":23,"column":3}},"9":{"start":{"line":20,"column":18},"end":{"line":20,"column":40}},"10":{"start":{"line":21,"column":4},"end":{"line":21,"column":75}},"11":{"start":{"line":22,"column":4},"end":{"line":22,"column":33}},"12":{"start":{"line":24,"column":2},"end":{"line":28,"column":3}},"13":{"start":{"line":25,"column":18},"end":{"line":25,"column":40}},"14":{"start":{"line":26,"column":4},"end":{"line":26,"column":75}},"15":{"start":{"line":27,"column":4},"end":{"line":27,"column":33}},"16":{"start":{"line":31,"column":15},"end":{"line":31,"column":26}},"17":{"start":{"line":32,"column":2},"end":{"line":34,"column":3}},"18":{"start":{"line":32,"column":15},"end":{"line":32,"column":16}},"19":{"start":{"line":33,"column":4},"end":{"line":33,"column":84}},"20":{"start":{"line":35,"column":2},"end":{"line":35,"column":15}}},"fnMap":{"0":{"name":"calcMe","decl":{"start":{"line":1,"column":16},"end":{"line":1,"column":22}},"loc":{"start":{"line":1,"column":28},"end":{"line":36,"column":1}},"line":1},"1":{"name":"(anonymous_1)","decl":{"start":{"line":12,"column":12},"end":{"line":12,"column":13}},"loc":{"start":{"line":12,"column":18},"end":{"line":12,"column":20}},"line":12}},"branchMap":{"0":{"loc":{"start":{"line":3,"column":2},"end":{"line":5,"column":3}},"type":"if","locations":[{"start":{"line":3,"column":2},"end":{"line":5,"column":3}},{"start":{"line":3,"column":2},"end":{"line":5,"column":3}}],"line":3},"1":{"loc":{"start":{"line":15,"column":2},"end":{"line":17,"column":3}},"type":"if","locations":[{"start":{"line":15,"column":2},"end":{"line":17,"column":3}},{"start":{"line":15,"column":2},"end":{"line":17,"column":3}}],"line":15},"2":{"loc":{"start":{"line":33,"column":4},"end":{"line":33,"column":84}},"type":"cond-expr","locations":[{"start":{"line":33,"column":28},"end":{"line":33,"column":53}},{"start":{"line":33,"column":58},"end":{"line":33,"column":83}}],"line":33}},"s":{"0":5,"1":1,"2":4,"3":4,"4":4,"5":25,"6":4,"7":1,"8":3,"9":3,"10":3,"11":3,"12":3,"13":3,"14":3,"15":3,"16":3,"17":3,"18":3,"19":8,"20":3},"f":{"0":5,"1":25},"b":{"0":[1,4],"1":[1,3],"2":[5,3]},"_coverageSchema":"1a1c01bbd47fc00a2c39e90264f33305004495a9","hash":"b7b3b273e00ce9bd1a93f53e782249568d8ae370"}
}
